<?xml version="1.0" encoding="UTF-8"?>
<!-- Generated by org.testng.reporters.JUnitXMLReporter -->
<testsuite hostname="jop55-dt" name="TestLab" tests="6" failures="1" timestamp="14 Aug 2017 14:50:24 GMT" time="975.178" errors="0">
  <testcase name="qryLabHemBasoLukocytes100" time="30.602" classname="com.dbmi.i2b2Act.Qry_Act_LabHemBasoLukocytes100"/>
  <testcase name="qrylectroSodioSerum140DateRange" time="249.368" classname="com.dbmi.i2b2Act.Qry_Act_LabElectroSodioSerum140DateRange">
    <failure type="org.openqa.selenium.NoSuchElementException" message="Unable to locate element: #shrinePrintQueryPage
For documentation on this error, please visit: http://seleniumhq.org/exceptions/no_such_element.html
Build info: version: &amp;apos;3.4.0&amp;apos;, revision: &amp;apos;unknown&amp;apos;, time: &amp;apos;unknown&amp;apos;
System info: host: &amp;apos;JOP55-DT&amp;apos;, ip: &amp;apos;192.168.56.1&amp;apos;, os.name: &amp;apos;Windows 8.1&amp;apos;, os.arch: &amp;apos;amd64&amp;apos;, os.version: &amp;apos;6.3&amp;apos;, java.version: &amp;apos;1.8.0_60&amp;apos;
Driver info: org.openqa.selenium.firefox.FirefoxDriver
Capabilities [{moz:profile=C:\Users\JOP55\AppData\Local\Temp\rust_mozprofile.Oe5Vsew4oWnA, rotatable=false, timeouts={implicit=0.0, pageLoad=300000.0, script=30000.0}, pageLoadStrategy=normal, platform=ANY, specificationLevel=0.0, moz:accessibilityChecks=false, acceptInsecureCerts=false, browserVersion=54.0.1, platformVersion=6.3, moz:processID=9496.0, browserName=firefox, javascriptEnabled=true, platformName=windows_nt}]
Session ID: a41cb5d6-b640-4fa6-b78d-9a7f94362ece
*** Element info: {Using=id, value=shrinePrintQueryPage}">
      <![CDATA[org.openqa.selenium.NoSuchElementException: Unable to locate element: #shrinePrintQueryPage
For documentation on this error, please visit: http://seleniumhq.org/exceptions/no_such_element.html
Build info: version: '3.4.0', revision: 'unknown', time: 'unknown'
System info: host: 'JOP55-DT', ip: '192.168.56.1', os.name: 'Windows 8.1', os.arch: 'amd64', os.version: '6.3', java.version: '1.8.0_60'
Driver info: org.openqa.selenium.firefox.FirefoxDriver
Capabilities [{moz:profile=C:\Users\JOP55\AppData\Local\Temp\rust_mozprofile.Oe5Vsew4oWnA, rotatable=false, timeouts={implicit=0.0, pageLoad=300000.0, script=30000.0}, pageLoadStrategy=normal, platform=ANY, specificationLevel=0.0, moz:accessibilityChecks=false, acceptInsecureCerts=false, browserVersion=54.0.1, platformVersion=6.3, moz:processID=9496.0, browserName=firefox, javascriptEnabled=true, platformName=windows_nt}]
Session ID: a41cb5d6-b640-4fa6-b78d-9a7f94362ece
*** Element info: {Using=id, value=shrinePrintQueryPage}
	at org.openqa.selenium.remote.http.W3CHttpResponseCodec.createException(W3CHttpResponseCodec.java:150)
	at org.openqa.selenium.remote.http.W3CHttpResponseCodec.decode(W3CHttpResponseCodec.java:115)
	at org.openqa.selenium.remote.http.W3CHttpResponseCodec.decode(W3CHttpResponseCodec.java:45)
	at org.openqa.selenium.remote.HttpCommandExecutor.execute(HttpCommandExecutor.java:164)
	at org.openqa.selenium.remote.service.DriverCommandExecutor.execute(DriverCommandExecutor.java:82)
	at org.openqa.selenium.remote.RemoteWebDriver.execute(RemoteWebDriver.java:637)
	at org.openqa.selenium.remote.RemoteWebDriver.findElement(RemoteWebDriver.java:410)
	at org.openqa.selenium.remote.RemoteWebDriver.findElementById(RemoteWebDriver.java:453)
	at org.openqa.selenium.By$ById.findElement(By.java:218)
	at org.openqa.selenium.remote.RemoteWebDriver.findElement(RemoteWebDriver.java:402)
	at com.dbmi.i2b2Act.Qry_Act_LabElectroSodioSerum140DateRange.qrylectroSodioSerum140DateRange(Qry_Act_LabElectroSodioSerum140DateRange.java:148)
... Removed 28 stack frames]]>
    </failure>
  </testcase> <!-- qrylectroSodioSerum140DateRange -->
  <testcase name="qryLabElectroSodioSerum" time="137.982" classname="com.dbmi.i2b2Act.Qry_Act_LabElectroSodioSerum"/>
  <testcase name="qryLabElectrolytes" time="126.267" classname="com.dbmi.i2b2Act.Qry_Act_LabElectrolytes"/>
  <testcase name="qryLabElectroSodioSerum140" time="138.366" classname="com.dbmi.i2b2Act.Qry_Act_LabElectroSodioSerum140"/>
  <testcase name="qryLabElectrolytesDateRange" time="208.098" classname="com.dbmi.i2b2Act.Qry_Act_LabElectrolytesDateRange"/>
</testsuite> <!-- TestLab -->
